<?xml version="1.0" encoding="UTF-8"?>
<!-- Generated by org.testng.reporters.JUnitReportReporter -->
<testsuite hostname="DESKTOP-UACBAHB" failures="0" tests="1" name="practise.HardAssert" time="0.007" errors="0" timestamp="2023-01-26T19:48:56 IST" skipped="0">
  <testcase classname="practise.HardAssert" name="valid" time="0.007"/>
  <system-out/>
</testsuite> <!-- practise.HardAssert -->
