<?xml version="1.0" encoding="UTF-8"?>
<!-- Generated by org.testng.reporters.JUnitReportReporter -->
<testsuite hostname="DESKTOP-UACBAHB" failures="0" tests="1" name="practise.creating_contacts" time="53.629" errors="0" timestamp="2023-01-25T20:18:29 IST" skipped="0">
  <testcase classname="practise.creating_contacts" name="contacts" time="53.629"/>
  <system-out/>
</testsuite> <!-- practise.creating_contacts -->
