<?xml version="1.0" encoding="UTF-8"?>
<!-- Generated by org.testng.reporters.JUnitReportReporter -->
<testsuite hostname="DESKTOP-UACBAHB" failures="0" tests="3" name="practise.TestNg" time="0.012" errors="0" timestamp="2023-01-20T20:17:42 IST" skipped="0">
  <testcase classname="practise.TestNg" name="create" time="0.011"/>
  <system-out/>
  <testcase classname="practise.TestNg" name="modify" time="0.001"/>
  <system-out/>
  <testcase classname="practise.TestNg" name="delete" time="0.000"/>
  <system-out/>
</testsuite> <!-- practise.TestNg -->
