<?xml version="1.0" encoding="UTF-8"?>
<!-- Generated by org.testng.reporters.JUnitReportReporter -->
<testsuite hostname="DESKTOP-UACBAHB" failures="0" tests="2" name="Test_Ng.v_tig" time="55.072" errors="0" timestamp="2023-01-21T11:29:46 IST" skipped="0">
  <testcase classname="Test_Ng.v_tig" name="company_detail" time="18.332"/>
  <system-out/>
  <testcase classname="Test_Ng.v_tig" name="company_detail" time="36.740"/>
  <system-out/>
</testsuite> <!-- Test_Ng.v_tig -->
