<?xml version="1.0" encoding="UTF-8"?>
<!-- Generated by org.testng.reporters.JUnitReportReporter -->
<testsuite hostname="DESKTOP-UACBAHB" failures="0" tests="1" name="Campaign.Create_campaign" time="48.227" errors="0" timestamp="2023-01-25T20:56:21 IST" skipped="0">
  <testcase classname="Campaign.Create_campaign" name="campaign" time="48.227"/>
  <system-out/>
</testsuite> <!-- Campaign.Create_campaign -->
